# JRE version: OpenJDK Runtime Environment (8.0_112-b06) (build 1.8.0_112-release-b06)
# Java VM: OpenJDK 64-Bit Server VM (25.112-b06 mixed mode windows-amd64 compressed oops)
Heap:
 PSYoungGen      total 102400K, used 23747K [0x00000000e0000000, 0x00000000e6f80000, 0x0000000100000000)
  eden space 91136K, 13% used [0x00000000e0000000,0x00000000e0c36fb8,0x00000000e5900000)
  from space 11264K, 99% used [0x00000000e5900000,0x00000000e63f9f58,0x00000000e6400000)
  to   space 11264K, 0% used [0x00000000e6400000,0x00000000e6400000,0x00000000e6f00000)
 ParOldGen       total 99328K, used 17485K [0x00000000a0000000, 0x00000000a6100000, 0x00000000e0000000)
  object space 99328K, 17% used [0x00000000a0000000,0x00000000a1113600,0x00000000a6100000)
 Metaspace       used 45760K, capacity 46822K, committed 47104K, reserved 1089536K
  class space    used 6108K, capacity 6364K, committed 6400K, reserved 1048576K
GC Heap History (10 events):
Event: 11.591 GC heap before
{Heap before GC invocations=9 (full 1):
 PSYoungGen      total 56832K, used 52826K [0x00000000e0000000, 0x00000000e5700000, 0x0000000100000000)
  eden space 46592K, 100% used [0x00000000e0000000,0x00000000e2d80000,0x00000000e2d80000)
  from space 10240K, 60% used [0x00000000e2d80000,0x00000000e3396ba8,0x00000000e3780000)
  to   space 9728K, 0% used [0x00000000e4d80000,0x00000000e4d80000,0x00000000e5700000)
 ParOldGen       total 67072K, used 9226K [0x00000000a0000000, 0x00000000a4180000, 0x00000000e0000000)
  object space 67072K, 13% used [0x00000000a0000000,0x00000000a0902978,0x00000000a4180000)
 Metaspace       used 32908K, capacity 33534K, committed 33792K, reserved 1079296K
  class space    used 4406K, capacity 4575K, committed 4608K, reserved 1048576K
Event: 11.607 GC heap after
Heap after GC invocations=9 (full 1):
 PSYoungGen      total 77824K, used 9006K [0x00000000e0000000, 0x00000000e5780000, 0x0000000100000000)
  eden space 68096K, 0% used [0x00000000e0000000,0x00000000e0000000,0x00000000e4280000)
  from space 9728K, 92% used [0x00000000e4d80000,0x00000000e564b980,0x00000000e5700000)
  to   space 10752K, 0% used [0x00000000e4280000,0x00000000e4280000,0x00000000e4d00000)
 ParOldGen       total 67072K, used 9298K [0x00000000a0000000, 0x00000000a4180000, 0x00000000e0000000)
  object space 67072K, 13% used [0x00000000a0000000,0x00000000a0914988,0x00000000a4180000)
 Metaspace       used 32908K, capacity 33534K, committed 33792K, reserved 1079296K
  class space    used 4406K, capacity 4575K, committed 4608K, reserved 1048576K
}
Event: 12.614 GC heap before
{Heap before GC invocations=10 (full 1):
 PSYoungGen      total 77824K, used 50994K [0x00000000e0000000, 0x00000000e5780000, 0x0000000100000000)
  eden space 68096K, 61% used [0x00000000e0000000,0x00000000e2900f50,0x00000000e4280000)
  from space 9728K, 92% used [0x00000000e4d80000,0x00000000e564b980,0x00000000e5700000)
  to   space 10752K, 0% used [0x00000000e4280000,0x00000000e4280000,0x00000000e4d00000)
 ParOldGen       total 67072K, used 9298K [0x00000000a0000000, 0x00000000a4180000, 0x00000000e0000000)
  object space 67072K, 13% used [0x00000000a0000000,0x00000000a0914988,0x00000000a4180000)
 Metaspace       used 34650K, capacity 35306K, committed 35496K, reserved 1079296K
  class space    used 4621K, capacity 4781K, committed 4864K, reserved 1048576K
Event: 12.650 GC heap after
Heap after GC invocations=10 (full 1):
 PSYoungGen      total 78848K, used 8921K [0x00000000e0000000, 0x00000000e6f00000, 0x0000000100000000)
  eden space 68096K, 0% used [0x00000000e0000000,0x00000000e0000000,0x00000000e4280000)
  from space 10752K, 82% used [0x00000000e4280000,0x00000000e4b36450,0x00000000e4d00000)
  to   space 11264K, 0% used [0x00000000e6400000,0x00000000e6400000,0x00000000e6f00000)
 ParOldGen       total 67072K, used 9306K [0x00000000a0000000, 0x00000000a4180000, 0x00000000e0000000)
  object space 67072K, 13% used [0x00000000a0000000,0x00000000a0916988,0x00000000a4180000)
 Metaspace       used 34650K, capacity 35306K, committed 35496K, reserved 1079296K
  class space    used 4621K, capacity 4781K, committed 4864K, reserved 1048576K
}
Event: 12.650 GC heap before
{Heap before GC invocations=11 (full 2):
 PSYoungGen      total 78848K, used 8921K [0x00000000e0000000, 0x00000000e6f00000, 0x0000000100000000)
  eden space 68096K, 0% used [0x00000000e0000000,0x00000000e0000000,0x00000000e4280000)
  from space 10752K, 82% used [0x00000000e4280000,0x00000000e4b36450,0x00000000e4d00000)
  to   space 11264K, 0% used [0x00000000e6400000,0x00000000e6400000,0x00000000e6f00000)
 ParOldGen       total 67072K, used 9306K [0x00000000a0000000, 0x00000000a4180000, 0x00000000e0000000)
  object space 67072K, 13% used [0x00000000a0000000,0x00000000a0916988,0x00000000a4180000)
 Metaspace       used 34650K, capacity 35306K, committed 35496K, reserved 1079296K
  class space    used 4621K, capacity 4781K, committed 4864K, reserved 1048576K
Event: 12.806 GC heap after
Heap after GC invocations=11 (full 2):
 PSYoungGen      total 78848K, used 0K [0x00000000e0000000, 0x00000000e6f00000, 0x0000000100000000)
  eden space 68096K, 0% used [0x00000000e0000000,0x00000000e0000000,0x00000000e4280000)
  from space 10752K, 0% used [0x00000000e4280000,0x00000000e4280000,0x00000000e4d00000)
  to   space 11264K, 0% used [0x00000000e6400000,0x00000000e6400000,0x00000000e6f00000)
 ParOldGen       total 99328K, used 15238K [0x00000000a0000000, 0x00000000a6100000, 0x00000000e0000000)
  object space 99328K, 15% used [0x00000000a0000000,0x00000000a0ee1958,0x00000000a6100000)
 Metaspace       used 34650K, capacity 35306K, committed 35496K, reserved 1079296K
  class space    used 4621K, capacity 4781K, committed 4864K, reserved 1048576K
}
Event: 14.827 GC heap before
{Heap before GC invocations=12 (full 2):
 PSYoungGen      total 78848K, used 68096K [0x00000000e0000000, 0x00000000e6f00000, 0x0000000100000000)
  eden space 68096K, 100% used [0x00000000e0000000,0x00000000e4280000,0x00000000e4280000)
  from space 10752K, 0% used [0x00000000e4280000,0x00000000e4280000,0x00000000e4d00000)
  to   space 11264K, 0% used [0x00000000e6400000,0x00000000e6400000,0x00000000e6f00000)
 ParOldGen       total 99328K, used 15238K [0x00000000a0000000, 0x00000000a6100000, 0x00000000e0000000)
  object space 99328K, 15% used [0x00000000a0000000,0x00000000a0ee1958,0x00000000a6100000)
 Metaspace       used 38115K, capacity 38936K, committed 39168K, reserved 1083392K
  class space    used 5073K, capacity 5255K, committed 5376K, reserved 1048576K
Event: 14.924 GC heap after
Heap after GC invocations=12 (full 2):
 PSYoungGen      total 102400K, used 8707K [0x00000000e0000000, 0x00000000e6f80000, 0x0000000100000000)
  eden space 91136K, 0% used [0x00000000e0000000,0x00000000e0000000,0x00000000e5900000)
  from space 11264K, 77% used [0x00000000e6400000,0x00000000e6c80f28,0x00000000e6f00000)
  to   space 11264K, 0% used [0x00000000e5900000,0x00000000e5900000,0x00000000e6400000)
 ParOldGen       total 99328K, used 15246K [0x00000000a0000000, 0x00000000a6100000, 0x00000000e0000000)
  object space 99328K, 15% used [0x00000000a0000000,0x00000000a0ee3958,0x00000000a6100000)
 Metaspace       used 38115K, capacity 38936K, committed 39168K, reserved 1083392K
  class space    used 5073K, capacity 5255K, committed 5376K, reserved 1048576K
}
Event: 19.133 GC heap before
{Heap before GC invocations=13 (full 2):
 PSYoungGen      total 102400K, used 99843K [0x00000000e0000000, 0x00000000e6f80000, 0x0000000100000000)
  eden space 91136K, 100% used [0x00000000e0000000,0x00000000e5900000,0x00000000e5900000)
  from space 11264K, 77% used [0x00000000e6400000,0x00000000e6c80f28,0x00000000e6f00000)
  to   space 11264K, 0% used [0x00000000e5900000,0x00000000e5900000,0x00000000e6400000)
 ParOldGen       total 99328K, used 15246K [0x00000000a0000000, 0x00000000a6100000, 0x00000000e0000000)
  object space 99328K, 15% used [0x00000000a0000000,0x00000000a0ee3958,0x00000000a6100000)
 Metaspace       used 44951K, capacity 45982K, committed 46208K, reserved 1089536K
  class space    used 5991K, capacity 6233K, committed 6272K, reserved 1048576K
Event: 19.156 GC heap after
Heap after GC invocations=13 (full 2):
 PSYoungGen      total 102400K, used 11239K [0x00000000e0000000, 0x00000000e6f80000, 0x0000000100000000)
  eden space 91136K, 0% used [0x00000000e0000000,0x00000000e0000000,0x00000000e5900000)
  from space 11264K, 99% used [0x00000000e5900000,0x00000000e63f9f58,0x00000000e6400000)
  to   space 11264K, 0% used [0x00000000e6400000,0x00000000e6400000,0x00000000e6f00000)
 ParOldGen       total 99328K, used 17485K [0x00000000a0000000, 0x00000000a6100000, 0x00000000e0000000)
  object space 99328K, 17% used [0x00000000a0000000,0x00000000a1113600,0x00000000a6100000)
 Metaspace       used 44951K, capacity 45982K, committed 46208K, reserved 1089536K
  class space    used 5991K, capacity 6233K, committed 6272K, reserved 1048576K
}

